<?xml version="1.0" encoding="UTF-8"?>
<testsuites name="6627 Test Suite" time="25.783" tests="1" failures="0" skips="0" errors="0">
   <testsuite name="6627 Test Suite" tests="1" failures="0" errors="0" time="25.783" skips="0" timestamp="2020-12-30 11:15:21" hostname="Boletus - DESKTOP-K992VAG.home" id="Test Suites/6627 Test Suite">
      <properties>
         <property name="deviceName" value=""/>
         <property name="devicePlatform" value=""/>
         <property name="logFolder" value="C:\\Users\\Boletus\\Katalon Studio\\Test1\\Reports\\20201230_111516\\6627 Test Suite\\20201230_111517"/>
         <property name="logFiles" value="C:\\Users\\Boletus\\Katalon Studio\\Test1\\Reports\\20201230_111516\\6627 Test Suite\\20201230_111517\\execution0.log"/>
         <property name="attachments" value=""/>
         <property name="hostName" value="Boletus - DESKTOP-K992VAG.home"/>
         <property name="os" value="Windows 10 64bit"/>
         <property name="katalonVersion" value="7.8.1.208"/>
         <property name="browser" value="Chrome 87.0.4280.88"/>
         <property name="hostAddress" value="192.168.1.50"/>
         <property name="sessionId" value="a78ad7cbed89746950dcb9f4479c8032"/>
         <property name="seleniumVersion" value="3.141.59"/>
         <property name="proxyInformation" value="ProxyInformation { proxyOption=NO_PROXY, proxyServerType=HTTP, username=, password=********, proxyServerAddress=, proxyServerPort=0, executionList=&quot;&quot;, isApplyToDesiredCapabilities=true }"/>
         <property name="platform" value="Windows 10"/>
      </properties>
      <testcase name="Test Cases/6627 CASE" time="25.111" classname="Test Cases/6627 CASE" status="PASSED">
         <system-out><![CDATA[2020-12-30 11:15:21 - [TEST_CASE][PASSED] - Test Cases/6627 CASE: Test Cases/6627 CASE

2020-12-30 11:15:22 - [TEST_STEP][PASSED] - openBrowser(""): Browser is opened with url: ''

2020-12-30 11:15:22 - [MESSAGE][INFO] - Starting 'Chrome' driver

2020-12-30 11:15:22 - [MESSAGE][INFO] - Action delay is set to 0 milliseconds

2020-12-30 11:15:25 - [MESSAGE][PASSED] - Browser is opened with url: ''

2020-12-30 11:15:25 - [TEST_STEP][PASSED] - navigateToUrl("https://www.transfermarkt.pl/profil/registrieren"): Navigate to 'https://www.transfermarkt.pl/profil/registrieren' successfully

2020-12-30 11:15:34 - [MESSAGE][PASSED] - Navigate to 'https://www.transfermarkt.pl/profil/registrieren' successfully

2020-12-30 11:15:34 - [TEST_STEP][PASSED] - click(findTestObject("Object Repository/Page_Zarejestruj  Transfermarkt/button_Uzgodni")): Object: 'Object Repository/Page_Zarejestruj  Transfermarkt/button_Uzgodni' is clicked on

2020-12-30 11:15:35 - [MESSAGE][PASSED] - Object: 'Object Repository/Page_Zarejestruj  Transfermarkt/button_Uzgodni' is clicked on

2020-12-30 11:15:35 - [TEST_STEP][PASSED] - setText(findTestObject("Object Repository/Page_Zarejestruj  Transfermarkt/input_Zarejestruj si teraz darmowo_Register_60537b"), Ksywka): Text 'XDJdXD' is set on object 'Object Repository/Page_Zarejestruj  Transfermarkt/input_Zarejestruj si teraz darmowo_Register_60537b'

2020-12-30 11:15:37 - [MESSAGE][PASSED] - Text 'XDJdXD' is set on object 'Object Repository/Page_Zarejestruj  Transfermarkt/input_Zarejestruj si teraz darmowo_Register_60537b'

2020-12-30 11:15:37 - [TEST_STEP][PASSED] - setText(findTestObject("Object Repository/Page_Zarejestruj  Transfermarkt/input_Zrozumiaem_RegisterFormvorname"), Imie): Text 'Robert' is set on object 'Object Repository/Page_Zarejestruj  Transfermarkt/input_Zrozumiaem_RegisterFormvorname'

2020-12-30 11:15:38 - [MESSAGE][PASSED] - Text 'Robert' is set on object 'Object Repository/Page_Zarejestruj  Transfermarkt/input_Zrozumiaem_RegisterFormvorname'

2020-12-30 11:15:38 - [TEST_STEP][PASSED] - setText(findTestObject("Object Repository/Page_Zarejestruj  Transfermarkt/input_Imi_RegisterFormnachname"), Nazwisko): Text 'DeNiro' is set on object 'Object Repository/Page_Zarejestruj  Transfermarkt/input_Imi_RegisterFormnachname'

2020-12-30 11:15:38 - [MESSAGE][PASSED] - Text 'DeNiro' is set on object 'Object Repository/Page_Zarejestruj  Transfermarkt/input_Imi_RegisterFormnachname'

2020-12-30 11:15:38 - [TEST_STEP][PASSED] - setText(findTestObject("Object Repository/Page_Zarejestruj  Transfermarkt/input_Zrozumiaem_RegisterFormemail"), Email): Text 'XD@o2.pl' is set on object 'Object Repository/Page_Zarejestruj  Transfermarkt/input_Zrozumiaem_RegisterFormemail'

2020-12-30 11:15:39 - [MESSAGE][PASSED] - Text 'XD@o2.pl' is set on object 'Object Repository/Page_Zarejestruj  Transfermarkt/input_Zrozumiaem_RegisterFormemail'

2020-12-30 11:15:39 - [TEST_STEP][PASSED] - setText(findTestObject("Object Repository/Page_Zarejestruj  Transfermarkt/input_E-mail_RegisterFormemail2"), Remail): Text 'XD@o2.pl' is set on object 'Object Repository/Page_Zarejestruj  Transfermarkt/input_E-mail_RegisterFormemail2'

2020-12-30 11:15:39 - [MESSAGE][PASSED] - Text 'XD@o2.pl' is set on object 'Object Repository/Page_Zarejestruj  Transfermarkt/input_E-mail_RegisterFormemail2'

2020-12-30 11:15:39 - [TEST_STEP][PASSED] - setText(findTestObject("Object Repository/Page_Zarejestruj  Transfermarkt/input_Powtrz e-mail_RegisterFormpasswort1"), haslo): Text '12345' is set on object 'Object Repository/Page_Zarejestruj  Transfermarkt/input_Powtrz e-mail_RegisterFormpasswort1'

2020-12-30 11:15:40 - [MESSAGE][PASSED] - Text '12345' is set on object 'Object Repository/Page_Zarejestruj  Transfermarkt/input_Powtrz e-mail_RegisterFormpasswort1'

2020-12-30 11:15:40 - [TEST_STEP][PASSED] - setText(findTestObject("Object Repository/Page_Zarejestruj  Transfermarkt/input_Zrozumiaem_RegisterFormpasswort2"), Rhaslo): Text '12345' is set on object 'Object Repository/Page_Zarejestruj  Transfermarkt/input_Zrozumiaem_RegisterFormpasswort2'

2020-12-30 11:15:40 - [MESSAGE][PASSED] - Text '12345' is set on object 'Object Repository/Page_Zarejestruj  Transfermarkt/input_Zrozumiaem_RegisterFormpasswort2'

2020-12-30 11:15:40 - [TEST_STEP][PASSED] - verifyElementText(findTestObject("Object Repository/Page_Zarejestruj  Transfermarkt/p_Zosta czlonkiem najwikszej spoecznoci pil_4f93c4"), "Zostań czlonkiem największej społeczności pilkarskiej na świecie!"): Actual text and expected text of test object 'Object Repository/Page_Zarejestruj  Transfermarkt/p_Zosta czlonkiem najwikszej spoecznoci pil_4f93c4' are matched.

2020-12-30 11:15:41 - [MESSAGE][PASSED] - Actual text and expected text of test object 'Object Repository/Page_Zarejestruj  Transfermarkt/p_Zosta czlonkiem najwikszej spoecznoci pil_4f93c4' are matched.

2020-12-30 11:15:41 - [TEST_STEP][PASSED] - click(findTestObject("Object Repository/Page_Zarejestruj  Transfermarkt/input_Powtrz haso_RegisterFormnutzungsbedin_b536e5")): Object: 'Object Repository/Page_Zarejestruj  Transfermarkt/input_Powtrz haso_RegisterFormnutzungsbedin_b536e5' is clicked on

2020-12-30 11:15:41 - [MESSAGE][PASSED] - Object: 'Object Repository/Page_Zarejestruj  Transfermarkt/input_Powtrz haso_RegisterFormnutzungsbedin_b536e5' is clicked on

2020-12-30 11:15:41 - [TEST_STEP][PASSED] - click(findTestObject("Object Repository/Page_Zarejestruj  Transfermarkt/input_tu_yt0")): Object: 'Object Repository/Page_Zarejestruj  Transfermarkt/input_tu_yt0' is clicked on

2020-12-30 11:15:41 - [MESSAGE][PASSED] - Object: 'Object Repository/Page_Zarejestruj  Transfermarkt/input_tu_yt0' is clicked on]]></system-out>
         <system-err><![CDATA[]]></system-err>
      </testcase>
      <system-out><![CDATA[2020-12-30 11:15:21 - [TEST_SUITE][INCOMPLETE] - 6627 Test Suite: null]]></system-out>
      <system-err><![CDATA[2020-12-30 11:15:21 - [TEST_SUITE][INCOMPLETE] - 6627 Test Suite: null]]></system-err>
   </testsuite>
</testsuites>
